<?xml version="1.0" encoding="UTF-8"?>
<testsuite xmlns:xsi="http://www.w3.org/2001/XMLSchema-instance" xsi:noNamespaceSchemaLocation="https://maven.apache.org/surefire/maven-surefire-plugin/xsd/surefire-test-report-3.0.xsd" version="3.0" name="TestSuite" time="0.591" tests="11" errors="0" skipped="0" failures="0">
  <properties>
    <property name="gopherProxySet" value="false"/>
    <property name="awt.toolkit" value="sun.lwawt.macosx.LWCToolkit"/>
    <property name="file.encoding.pkg" value="sun.io"/>
    <property name="java.specification.version" value="1.8"/>
    <property name="sun.cpu.isalist" value=""/>
    <property name="sun.jnu.encoding" value="UTF-8"/>
    <property name="java.class.path" value="/Users/antonkaminskyi/IdeaProjects/testngkickoff/target/test-classes:/Users/antonkaminskyi/IdeaProjects/testngkickoff/target/classes:/Users/antonkaminskyi/.m2/repository/org/testng/testng/6.14.3/testng-6.14.3.jar:/Users/antonkaminskyi/.m2/repository/com/beust/jcommander/1.72/jcommander-1.72.jar:/Users/antonkaminskyi/.m2/repository/org/apache-extras/beanshell/bsh/2.0b6/bsh-2.0b6.jar:/Users/antonkaminskyi/IdeaProjects/testngkickoff/lib/lits-calculator-1.0-SNAPSHOT-jar-with-dependencies.jar:"/>
    <property name="java.vm.vendor" value="Oracle Corporation"/>
    <property name="sun.arch.data.model" value="64"/>
    <property name="java.vendor.url" value="http://java.oracle.com/"/>
    <property name="user.timezone" value="Europe/Kiev"/>
    <property name="java.vm.specification.version" value="1.8"/>
    <property name="os.name" value="Mac OS X"/>
    <property name="user.country" value="UA"/>
    <property name="sun.java.launcher" value="SUN_STANDARD"/>
    <property name="sun.boot.library.path" value="/Library/Java/JavaVirtualMachines/jdk1.8.0_231.jdk/Contents/Home/jre/lib"/>
    <property name="sun.java.command" value="/Users/antonkaminskyi/IdeaProjects/testngkickoff/target/surefire/surefirebooter4062354311246861154.jar /Users/antonkaminskyi/IdeaProjects/testngkickoff/target/surefire 2020-01-15T21-11-23_559-jvmRun1 surefire7348677165950759785tmp surefire_07992882761956298077tmp"/>
    <property name="http.nonProxyHosts" value="local|*.local|169.254/16|*.169.254/16"/>
    <property name="surefire.test.class.path" value="/Users/antonkaminskyi/IdeaProjects/testngkickoff/target/test-classes:/Users/antonkaminskyi/IdeaProjects/testngkickoff/target/classes:/Users/antonkaminskyi/.m2/repository/org/testng/testng/6.14.3/testng-6.14.3.jar:/Users/antonkaminskyi/.m2/repository/com/beust/jcommander/1.72/jcommander-1.72.jar:/Users/antonkaminskyi/.m2/repository/org/apache-extras/beanshell/bsh/2.0b6/bsh-2.0b6.jar:/Users/antonkaminskyi/IdeaProjects/testngkickoff/lib/lits-calculator-1.0-SNAPSHOT-jar-with-dependencies.jar:"/>
    <property name="sun.cpu.endian" value="little"/>
    <property name="user.home" value="/Users/antonkaminskyi"/>
    <property name="user.language" value="uk"/>
    <property name="java.specification.vendor" value="Oracle Corporation"/>
    <property name="java.home" value="/Library/Java/JavaVirtualMachines/jdk1.8.0_231.jdk/Contents/Home/jre"/>
    <property name="basedir" value="/Users/antonkaminskyi/IdeaProjects/testngkickoff"/>
    <property name="file.separator" value="/"/>
    <property name="line.separator" value="&#10;"/>
    <property name="java.vm.specification.vendor" value="Oracle Corporation"/>
    <property name="java.specification.name" value="Java Platform API Specification"/>
    <property name="java.awt.graphicsenv" value="sun.awt.CGraphicsEnvironment"/>
    <property name="surefire.real.class.path" value="/Users/antonkaminskyi/IdeaProjects/testngkickoff/target/surefire/surefirebooter4062354311246861154.jar"/>
    <property name="sun.boot.class.path" value="/Library/Java/JavaVirtualMachines/jdk1.8.0_231.jdk/Contents/Home/jre/lib/resources.jar:/Library/Java/JavaVirtualMachines/jdk1.8.0_231.jdk/Contents/Home/jre/lib/rt.jar:/Library/Java/JavaVirtualMachines/jdk1.8.0_231.jdk/Contents/Home/jre/lib/sunrsasign.jar:/Library/Java/JavaVirtualMachines/jdk1.8.0_231.jdk/Contents/Home/jre/lib/jsse.jar:/Library/Java/JavaVirtualMachines/jdk1.8.0_231.jdk/Contents/Home/jre/lib/jce.jar:/Library/Java/JavaVirtualMachines/jdk1.8.0_231.jdk/Contents/Home/jre/lib/charsets.jar:/Library/Java/JavaVirtualMachines/jdk1.8.0_231.jdk/Contents/Home/jre/lib/jfr.jar:/Library/Java/JavaVirtualMachines/jdk1.8.0_231.jdk/Contents/Home/jre/classes"/>
    <property name="sun.management.compiler" value="HotSpot 64-Bit Tiered Compilers"/>
    <property name="ftp.nonProxyHosts" value="local|*.local|169.254/16|*.169.254/16"/>
    <property name="java.runtime.version" value="1.8.0_231-b11"/>
    <property name="user.name" value="antonkaminskyi"/>
    <property name="path.separator" value=":"/>
    <property name="os.version" value="10.15"/>
    <property name="java.endorsed.dirs" value="/Library/Java/JavaVirtualMachines/jdk1.8.0_231.jdk/Contents/Home/jre/lib/endorsed"/>
    <property name="java.runtime.name" value="Java(TM) SE Runtime Environment"/>
    <property name="file.encoding" value="UTF-8"/>
    <property name="testGroup" value="all"/>
    <property name="java.vm.name" value="Java HotSpot(TM) 64-Bit Server VM"/>
    <property name="localRepository" value="/Users/antonkaminskyi/.m2/repository"/>
    <property name="java.vendor.url.bug" value="http://bugreport.sun.com/bugreport/"/>
    <property name="java.io.tmpdir" value="/var/folders/3h/yzn4d6md1bd9_gn1g9kdh8sm0000gn/T/"/>
    <property name="java.version" value="1.8.0_231"/>
    <property name="user.dir" value="/Users/antonkaminskyi/IdeaProjects/testngkickoff"/>
    <property name="os.arch" value="x86_64"/>
    <property name="java.vm.specification.name" value="Java Virtual Machine Specification"/>
    <property name="java.awt.printerjob" value="sun.lwawt.macosx.CPrinterJob"/>
    <property name="sun.os.patch.level" value="unknown"/>
    <property name="java.library.path" value="/Users/antonkaminskyi/Library/Java/Extensions:/Library/Java/Extensions:/Network/Library/Java/Extensions:/System/Library/Java/Extensions:/usr/lib/java:."/>
    <property name="java.vm.info" value="mixed mode"/>
    <property name="java.vendor" value="Oracle Corporation"/>
    <property name="java.vm.version" value="25.231-b11"/>
    <property name="java.ext.dirs" value="/Users/antonkaminskyi/Library/Java/Extensions:/Library/Java/JavaVirtualMachines/jdk1.8.0_231.jdk/Contents/Home/jre/lib/ext:/Library/Java/Extensions:/Network/Library/Java/Extensions:/System/Library/Java/Extensions:/usr/lib/java"/>
    <property name="sun.io.unicode.encoding" value="UnicodeBig"/>
    <property name="java.class.version" value="52.0"/>
    <property name="socksNonProxyHosts" value="local|*.local|169.254/16|*.169.254/16"/>
  </properties>
  <testcase name="testAddTwoValues" classname="com.lits.kaminskyi.calculator.CalculatorParametrizedTest" time="0.008"/>
  <testcase name="testAddTwoValues" classname="com.lits.kaminskyi.calculator.CalculatorParametrizedTest" time="0.01"/>
  <testcase name="testAddTwoValues" classname="com.lits.kaminskyi.calculator.CalculatorParametrizedTest" time="0.042"/>
  <testcase name="testAddTwoValues" classname="com.lits.kaminskyi.calculator.CalculatorParametrizedTest" time="0.042"/>
  <testcase name="testAddTwoValues" classname="com.lits.kaminskyi.calculator.CalculatorParametrizedTest" time="0.042"/>
  <testcase name="testAddTwoValues" classname="com.lits.kaminskyi.calculator.CalculatorParametrizedTest" time="0.043"/>
  <testcase name="testAdd" classname="com.lits.kaminskyi.calculator.CalculatorAddOperationTest" time="0"/>
  <testcase name="testDivide" classname="com.lits.kaminskyi.calculator.CalculatorAddOperationTest" time="0"/>
  <testcase name="testExpected" classname="com.lits.kaminskyi.calculator.CalculatorAddOperationTest" time="0"/>
  <testcase name="testMultiply" classname="com.lits.kaminskyi.calculator.CalculatorAddOperationTest" time="0.001"/>
  <testcase name="testSubtract" classname="com.lits.kaminskyi.calculator.CalculatorAddOperationTest" time="0"/>
</testsuite>