<?xml version="1.0" encoding="UTF-8"?>
<!-- Generated by org.testng.reporters.JUnitReportReporter -->
<testsuite skipped="0" hostname="MacBook-Pro-Anton.local" name="com.lits.kaminskyi.calculator.CalculatorAddOperationTest" tests="5" failures="0" timestamp="15 січ. 2020 19:11:24 GMT" time="0.006" errors="0">
  <testcase name="testMultiply" time="0.001" classname="com.lits.kaminskyi.calculator.CalculatorAddOperationTest"/>
  <testcase name="testSubtract" time="0.001" classname="com.lits.kaminskyi.calculator.CalculatorAddOperationTest"/>
  <testcase name="testExpected" time="0.001" classname="com.lits.kaminskyi.calculator.CalculatorAddOperationTest"/>
  <testcase name="testAdd" time="0.002" classname="com.lits.kaminskyi.calculator.CalculatorAddOperationTest"/>
  <testcase name="testDivide" time="0.001" classname="com.lits.kaminskyi.calculator.CalculatorAddOperationTest"/>
</testsuite> <!-- com.lits.kaminskyi.calculator.CalculatorAddOperationTest -->
