<?xml version="1.0" encoding="UTF-8"?>
<!-- Generated by org.testng.reporters.JUnitReportReporter -->
<testsuite skipped="0" hostname="MacBook-Pro-Anton.local" name="com.lits.kaminskyi.calculator.CalculatorParametrizedTest" tests="6" failures="0" timestamp="15 січ. 2020 19:11:24 GMT" time="0.050" errors="0">
  <testcase name="testAddTwoValues" time="0.008" classname="com.lits.kaminskyi.calculator.CalculatorParametrizedTest"/>
  <testcase name="testAddTwoValues" time="0.007" classname="com.lits.kaminskyi.calculator.CalculatorParametrizedTest"/>
  <testcase name="testAddTwoValues" time="0.008" classname="com.lits.kaminskyi.calculator.CalculatorParametrizedTest"/>
  <testcase name="testAddTwoValues" time="0.009" classname="com.lits.kaminskyi.calculator.CalculatorParametrizedTest"/>
  <testcase name="testAddTwoValues" time="0.009" classname="com.lits.kaminskyi.calculator.CalculatorParametrizedTest"/>
  <testcase name="testAddTwoValues" time="0.009" classname="com.lits.kaminskyi.calculator.CalculatorParametrizedTest"/>
</testsuite> <!-- com.lits.kaminskyi.calculator.CalculatorParametrizedTest -->
